[0.028s] Invoking command in '/home/prince/colcon_ws/build/turtlebot3_gazebo': CMAKE_PREFIX_PATH=${CMAKE_PREFIX_PATH}:/home/prince/colcon_ws/install/py_pubsub:/home/prince/colcon_ws/install/auto_nav:/opt/ros/foxy /usr/bin/cmake /home/prince/colcon_ws/src/turtlebot3_simulations/turtlebot3_gazebo -DCMAKE_INSTALL_PREFIX=/home/prince/colcon_ws/install/turtlebot3_gazebo
[0.470s] -- The C compiler identification is GNU 9.3.0
[0.470s] -- The CXX compiler identification is GNU 9.3.0
[0.470s] -- Check for working C compiler: /usr/bin/cc
[0.470s] -- Check for working C compiler: /usr/bin/cc -- works
[0.471s] -- Detecting C compiler ABI info
[0.471s] -- Detecting C compiler ABI info - done
[0.471s] -- Detecting C compile features
[0.471s] -- Detecting C compile features - done
[0.472s] -- Check for working CXX compiler: /usr/bin/c++
[0.472s] -- Check for working CXX compiler: /usr/bin/c++ -- works
[0.472s] -- Detecting CXX compiler ABI info
[0.474s] -- Detecting CXX compiler ABI info - done
[0.474s] -- Detecting CXX compile features
[0.474s] -- Detecting CXX compile features - done
[0.476s] -- Found ament_cmake: 0.9.9 (/opt/ros/foxy/share/ament_cmake/cmake)
[0.476s] -- Found PythonInterp: /usr/bin/python3 (found suitable version "3.8.10", minimum required is "3") 
[0.478s] -- Using PYTHON_EXECUTABLE: /usr/bin/python3
[0.643s] -- Found PkgConfig: /usr/bin/pkg-config (found version "0.29.1") 
[0.647s] -- Checking for module 'bullet>=2.82'
[0.664s] --   Found bullet, version 2.88
[0.777s] -- Found ccd: /usr/include (found suitable version "2.0", minimum required is "2.0") 
[0.834s] -- Found fcl: /usr/include (found suitable version "0.5.0", minimum required is "0.3.2") 
[0.896s] -- Found assimp: /usr/include (found version "5.0.0") 
[0.916s] -- Found DART: /usr/include (Required is at least version "6.6") found components: dart 
[1.226s] -- Found Boost: /usr/lib/x86_64-linux-gnu/cmake/Boost-1.71.0/BoostConfig.cmake (found suitable version "1.71.0", minimum required is "1.40.0") found components: thread system filesystem program_options regex iostreams date_time 
[1.250s] -- Found Protobuf: /usr/lib/x86_64-linux-gnu/libprotobuf.so;-lpthread (found version "3.6.1") 
[1.254s] -- Looking for ignition-math6 -- found version 6.9.2
[1.259s] -- Searching for dependencies of ignition-math6
[1.260s] -- Looking for OGRE...
[1.260s] -- OGRE_PREFIX_WATCH changed.
[1.265s] -- Checking for module 'OGRE'
[1.283s] --   Found OGRE, version 1.9.0
[1.332s] -- Found Ogre Ghadamon (1.9.0)
[1.343s] -- Found OGRE: optimized;/usr/lib/x86_64-linux-gnu/libOgreMain.so;debug;/usr/lib/x86_64-linux-gnu/libOgreMain.so
[1.354s] -- Looking for OGRE_Paging...
[1.364s] -- Found OGRE_Paging: optimized;/usr/lib/x86_64-linux-gnu/libOgrePaging.so;debug;/usr/lib/x86_64-linux-gnu/libOgrePaging.so
[1.364s] -- Looking for OGRE_Terrain...
[1.371s] -- Found OGRE_Terrain: optimized;/usr/lib/x86_64-linux-gnu/libOgreTerrain.so;debug;/usr/lib/x86_64-linux-gnu/libOgreTerrain.so
[1.371s] -- Looking for OGRE_Property...
[1.379s] -- Found OGRE_Property: optimized;/usr/lib/x86_64-linux-gnu/libOgreProperty.so;debug;/usr/lib/x86_64-linux-gnu/libOgreProperty.so
[1.379s] -- Looking for OGRE_RTShaderSystem...
[1.388s] -- Found OGRE_RTShaderSystem: optimized;/usr/lib/x86_64-linux-gnu/libOgreRTShaderSystem.so;debug;/usr/lib/x86_64-linux-gnu/libOgreRTShaderSystem.so
[1.388s] -- Looking for OGRE_Volume...
[1.396s] -- Found OGRE_Volume: optimized;/usr/lib/x86_64-linux-gnu/libOgreVolume.so;debug;/usr/lib/x86_64-linux-gnu/libOgreVolume.so
[1.396s] -- Looking for OGRE_Overlay...
[1.402s] -- Found OGRE_Overlay: optimized;/usr/lib/x86_64-linux-gnu/libOgreOverlay.so;debug;/usr/lib/x86_64-linux-gnu/libOgreOverlay.so
[1.545s] -- Looking for ignition-math6 -- found version 6.9.2
[1.547s] -- Looking for ignition-transport8 -- found version 8.2.1
[1.547s] -- Searching for dependencies of ignition-transport8
[1.561s] -- Found Protobuf: /usr/lib/x86_64-linux-gnu/libprotobuf.so;-lpthread (found suitable version "3.6.1", minimum required is "3") 
[1.570s] -- Config-file not installed for ZeroMQ -- checking for pkg-config
[1.574s] -- Checking for module 'libzmq >= 4'
[1.589s] --   Found libzmq , version 4.3.2
[1.628s] -- Found ZeroMQ: TRUE (Required is at least version "4") 
[1.633s] -- Checking for module 'uuid'
[1.646s] --   Found uuid, version 2.34.0
[1.683s] -- Found UUID: TRUE  
[1.685s] -- Looking for ignition-msgs5 -- found version 5.8.1
[1.685s] -- Searching for dependencies of ignition-msgs5
[1.700s] -- Looking for ignition-math6 -- found version 6.9.2
[1.705s] -- Checking for module 'tinyxml2'
[1.721s] --   Found tinyxml2, version 6.2.0
[1.759s] -- Looking for ignition-msgs5 -- found version 5.8.1
[1.761s] -- Looking for ignition-common3 -- found version 3.14.0
[1.761s] -- Searching for dependencies of ignition-common3
[1.762s] -- Looking for dlfcn.h - found
[1.763s] -- Looking for libdl - found
[1.764s] -- Found DL: TRUE  
[1.771s] -- Searching for <ignition-common3> component [graphics]
[1.773s] -- Looking for ignition-common3-graphics -- found version 3.14.0
[1.773s] -- Searching for dependencies of ignition-common3-graphics
[1.774s] -- Looking for ignition-math6 -- found version 6.9.2
[1.776s] -- Looking for ignition-fuel_tools4 -- found version 4.4.0
[1.776s] -- Searching for dependencies of ignition-fuel_tools4
[1.855s] -- Found CURL: /usr/lib/x86_64-linux-gnu/libcurl.so (found version "7.68.0")  
[1.863s] -- Checking for module 'jsoncpp'
[1.880s] --   Found jsoncpp, version 1.7.4
[1.916s] -- Found JSONCPP: TRUE  
[1.923s] -- Checking for module 'libzip'
[1.940s] --   Found libzip, version 1.5.1
[1.977s] -- Found ZIP: TRUE  
[1.977s] -- Looking for ignition-common3 -- found version 3.14.0
[1.978s] -- Looking for ignition-math6 -- found version 6.9.2
[1.978s] -- Looking for ignition-msgs5 -- found version 5.8.1
[1.981s] -- Found gazebo_ros_pkgs: 3.5.3 (/opt/ros/foxy/share/gazebo_ros_pkgs/cmake)
[1.981s] -- Found geometry_msgs: 2.0.4 (/opt/ros/foxy/share/geometry_msgs/cmake)
[2.001s] -- Using all available rosidl_typesupport_c: rosidl_typesupport_fastrtps_c;rosidl_typesupport_introspection_c
[2.006s] -- Found rosidl_adapter: 1.2.1 (/opt/ros/foxy/share/rosidl_adapter/cmake)
[2.077s] -- Found OpenSSL: /usr/lib/x86_64-linux-gnu/libcrypto.so (found version "1.1.1f")  
[2.101s] -- Found FastRTPS: /opt/ros/foxy/include  
[2.166s] -- Using all available rosidl_typesupport_cpp: rosidl_typesupport_fastrtps_cpp;rosidl_typesupport_introspection_cpp
[2.232s] -- Found nav_msgs: 2.0.4 (/opt/ros/foxy/share/nav_msgs/cmake)
[2.285s] -- Found rclcpp: 2.4.0 (/opt/ros/foxy/share/rclcpp/cmake)
[2.318s] -- Found rmw_implementation_cmake: 1.0.3 (/opt/ros/foxy/share/rmw_implementation_cmake/cmake)
[2.320s] -- Using RMW implementation 'rmw_fastrtps_cpp' as default
[2.321s] -- Found Threads: TRUE  
[2.426s] -- Found sensor_msgs: 2.0.4 (/opt/ros/foxy/share/sensor_msgs/cmake)
[2.483s] -- Found tf2: 0.13.12 (/opt/ros/foxy/share/tf2/cmake)
[2.548s] -- Configuring done
[2.572s] -- Generating done
[2.574s] -- Build files have been written to: /home/prince/colcon_ws/build/turtlebot3_gazebo
[2.584s] Invoked command in '/home/prince/colcon_ws/build/turtlebot3_gazebo' returned '0': CMAKE_PREFIX_PATH=${CMAKE_PREFIX_PATH}:/home/prince/colcon_ws/install/py_pubsub:/home/prince/colcon_ws/install/auto_nav:/opt/ros/foxy /usr/bin/cmake /home/prince/colcon_ws/src/turtlebot3_simulations/turtlebot3_gazebo -DCMAKE_INSTALL_PREFIX=/home/prince/colcon_ws/install/turtlebot3_gazebo
[2.588s] Invoking command in '/home/prince/colcon_ws/build/turtlebot3_gazebo': CMAKE_PREFIX_PATH=${CMAKE_PREFIX_PATH}:/home/prince/colcon_ws/install/py_pubsub:/home/prince/colcon_ws/install/auto_nav:/opt/ros/foxy /usr/bin/cmake --build /home/prince/colcon_ws/build/turtlebot3_gazebo -- -j16 -l16
[2.628s] [35m[1mScanning dependencies of target turtlebot3_drive[0m
[2.628s] [35m[1mScanning dependencies of target obstacles[0m
[2.628s] [35m[1mScanning dependencies of target obstacle2[0m
[2.628s] [35m[1mScanning dependencies of target obstacle1[0m
[2.661s] [ 12%] [32mBuilding CXX object CMakeFiles/turtlebot3_drive.dir/src/turtlebot3_drive.cpp.o[0m
[2.693s] [ 25%] [32mBuilding CXX object CMakeFiles/obstacles.dir/models/turtlebot3_dqn_world/obstacle_plugin/obstacles.cc.o[0m
[2.694s] [ 37%] [32mBuilding CXX object CMakeFiles/obstacle1.dir/models/turtlebot3_dqn_world/obstacle_plugin/obstacle1.cc.o[0m
[2.695s] [ 50%] [32mBuilding CXX object CMakeFiles/obstacle2.dir/models/turtlebot3_dqn_world/obstacle_plugin/obstacle2.cc.o[0m
[7.003s] make[2]: *** [CMakeFiles/obstacle2.dir/build.make:63: CMakeFiles/obstacle2.dir/models/turtlebot3_dqn_world/obstacle_plugin/obstacle2.cc.o] Interrupt
[7.003s] make[2]: *** [CMakeFiles/obstacle1.dir/build.make:63: CMakeFiles/obstacle1.dir/models/turtlebot3_dqn_world/obstacle_plugin/obstacle1.cc.o] Interrupt
[7.003s] make[2]: *** [CMakeFiles/obstacles.dir/build.make:63: CMakeFiles/obstacles.dir/models/turtlebot3_dqn_world/obstacle_plugin/obstacles.cc.o] Interrupt
[7.003s] make[2]: *** [CMakeFiles/turtlebot3_drive.dir/build.make:63: CMakeFiles/turtlebot3_drive.dir/src/turtlebot3_drive.cpp.o] Interrupt
[7.004s] make[1]: *** [CMakeFiles/Makefile2:138: CMakeFiles/turtlebot3_drive.dir/all] Interrupt
[7.004s] make[1]: *** [CMakeFiles/Makefile2:84: CMakeFiles/obstacles.dir/all] Interrupt
[7.004s] make[1]: *** [CMakeFiles/Makefile2:165: CMakeFiles/obstacle1.dir/all] Interrupt
[7.004s] make[1]: *** [CMakeFiles/Makefile2:111: CMakeFiles/obstacle2.dir/all] Interrupt
[7.004s] make: *** [Makefile:141: all] Interrupt
[7.031s] Invoked command in '/home/prince/colcon_ws/build/turtlebot3_gazebo' returned '-2': CMAKE_PREFIX_PATH=${CMAKE_PREFIX_PATH}:/home/prince/colcon_ws/install/py_pubsub:/home/prince/colcon_ws/install/auto_nav:/opt/ros/foxy /usr/bin/cmake --build /home/prince/colcon_ws/build/turtlebot3_gazebo -- -j16 -l16
